<?xml version="1.0" encoding="UTF-8"?>
<testng-results ignored="0" total="2" passed="2" failed="0" skipped="0">
  <reporter-output>
  </reporter-output>
  <suite started-at="2024-12-26T12:01:42 IST" name="Default suite" finished-at="2024-12-26T12:01:46 IST" duration-ms="4237">
    <groups>
    </groups>
    <test started-at="2024-12-26T12:01:42 IST" name="Default test" finished-at="2024-12-26T12:01:46 IST" duration-ms="4237">
      <class name="org.test.Browser">
        <test-method signature="setUp()[pri:0, instance:org.test.Browser@7fee8714]" started-at="2024-12-26T12:01:42 IST" name="setUp" finished-at="2024-12-26T12:01:45 IST" duration-ms="3872" status="PASS">
          <reporter-output>
          </reporter-output>
        </test-method> <!-- setUp -->
        <test-method signature="validateTableSearchResults()[pri:0, instance:org.test.Browser@7fee8714]" started-at="2024-12-26T12:01:45 IST" name="validateTableSearchResults" finished-at="2024-12-26T12:01:46 IST" duration-ms="323" status="PASS">
          <reporter-output>
          </reporter-output>
        </test-method> <!-- validateTableSearchResults -->
      </class> <!-- org.test.Browser -->
    </test> <!-- Default test -->
  </suite> <!-- Default suite -->
</testng-results>
